
  .   ____          _            __ _ _
 /\\ / ___'_ __ _ _(_)_ __  __ _ \ \ \ \
( ( )\___ | '_ | '_| | '_ \/ _` | \ \ \ \
 \\/  ___)| |_)| | | | | || (_| |  ) ) ) )
  '  |____| .__|_| |_|_| |_\__, | / / / /
 =========|_|==============|___/=/_/_/_/

 :: Spring Boot ::               (v3.5.14)

2026-07-09T12:22:41.909+03:00  INFO 78279 --- [actualite] [  restartedMain] c.etec.actualite.ActualiteApplication    : Starting ActualiteApplication using Java 21.0.11 with PID 78279 (/home/tahiry/Projects/React/siteEtec/backend/actualite/target/classes started by tahiry in /home/tahiry/Projects/React/siteEtec/backend/actualite)
2026-07-09T12:22:42.032+03:00  INFO 78279 --- [actualite] [  restartedMain] c.etec.actualite.ActualiteApplication    : No active profile set, falling back to 1 default profile: "default"
2026-07-09T12:22:43.396+03:00  WARN 78279 --- [actualite] [  restartedMain] o.s.c.c.c.ConfigServerConfigDataLoader   : Could not locate PropertySource ([ConfigServerConfigDataResource@20da3ce7 uris = array<String>['http://localhost:8888spring.datasource.username=root'], optional = true, profiles = 'default']): Invalid URL: http://localhost:8888spring.datasource.username=root
2026-07-09T12:22:43.397+03:00  WARN 78279 --- [actualite] [  restartedMain] o.s.c.c.c.ConfigServerConfigDataLoader   : Could not locate PropertySource ([ConfigServerConfigDataResource@6b882b7a uris = array<String>['http://localhost:8888spring.datasource.username=root'], optional = true, profiles = 'default']): Invalid URL: http://localhost:8888spring.datasource.username=root
2026-07-09T12:22:43.404+03:00  WARN 78279 --- [actualite] [  restartedMain] o.s.c.c.c.ConfigServerConfigDataLoader   : Could not locate PropertySource ([ConfigServerConfigDataResource@59804e6 uris = array<String>['http://localhost:8888spring.datasource.username=root'], optional = true, profiles = 'default']): Invalid URL: http://localhost:8888spring.datasource.username=root
2026-07-09T12:22:43.445+03:00  INFO 78279 --- [actualite] [  restartedMain] .e.DevToolsPropertyDefaultsPostProcessor : Devtools property defaults active! Set 'spring.devtools.add-properties' to 'false' to disable
2026-07-09T12:22:43.451+03:00  INFO 78279 --- [actualite] [  restartedMain] .e.DevToolsPropertyDefaultsPostProcessor : For additional web related logging consider setting the 'logging.level.web' property to 'DEBUG'
2026-07-09T12:22:54.324+03:00  INFO 78279 --- [actualite] [  restartedMain] .s.d.r.c.RepositoryConfigurationDelegate : Bootstrapping Spring Data JPA repositories in DEFAULT mode.
2026-07-09T12:22:54.536+03:00  INFO 78279 --- [actualite] [  restartedMain] .s.d.r.c.RepositoryConfigurationDelegate : Finished Spring Data repository scanning in 199 ms. Found 1 JPA repository interface.
2026-07-09T12:22:54.856+03:00  INFO 78279 --- [actualite] [  restartedMain] o.s.cloud.context.scope.GenericScope     : BeanFactory id=0d1b0ac4-8381-327c-92f7-b578d66c7250
2026-07-09T12:22:55.651+03:00  INFO 78279 --- [actualite] [  restartedMain] o.s.b.w.embedded.tomcat.TomcatWebServer  : Tomcat initialized with port 8080 (http)
2026-07-09T12:22:55.734+03:00  INFO 78279 --- [actualite] [  restartedMain] w.s.c.ServletWebServerApplicationContext : Root WebApplicationContext: initialization completed in 12280 ms
2026-07-09T12:22:56.096+03:00  WARN 78279 --- [actualite] [  restartedMain] ConfigServletWebServerApplicationContext : Exception encountered during context initialization - cancelling refresh attempt: org.springframework.beans.factory.BeanCreationException: Error creating bean with name 'entityManagerFactory' defined in class path resource [org/springframework/boot/autoconfigure/orm/jpa/HibernateJpaConfiguration.class]: Failed to initialize dependency 'dataSourceScriptDatabaseInitializer' of LoadTimeWeaverAware bean 'entityManagerFactory': Error creating bean with name 'dataSourceScriptDatabaseInitializer' defined in class path resource [org/springframework/boot/autoconfigure/sql/init/DataSourceInitializationConfiguration.class]: Unsatisfied dependency expressed through method 'dataSourceScriptDatabaseInitializer' parameter 0: Error creating bean with name 'dataSource' defined in class path resource [org/springframework/boot/autoconfigure/jdbc/DataSourceConfiguration$Hikari.class]: Failed to instantiate [com.zaxxer.hikari.HikariDataSource]: Factory method 'dataSource' threw exception with message: Failed to determine a suitable driver class
