
  .   ____          _            __ _ _
 /\\ / ___'_ __ _ _(_)_ __  __ _ \ \ \ \
( ( )\___ | '_ | '_| | '_ \/ _` | \ \ \ \
 \\/  ___)| |_)| | | | | || (_| |  ) ) ) )
  '  |____| .__|_| |_|_| |_\__, | / / / /
 =========|_|==============|___/=/_/_/_/

 :: Spring Boot ::               (v3.5.14)

2026-07-09T13:14:14.919+03:00  INFO 118972 --- [note] [  restartedMain] com.etudiant.note.NoteApplication        : Starting NoteApplication using Java 21.0.11 with PID 118972 (/home/tahiry/Projects/React/siteEtec/backend/note/target/classes started by tahiry in /home/tahiry/Projects/React/siteEtec/backend/note)
2026-07-09T13:14:14.921+03:00  INFO 118972 --- [note] [  restartedMain] com.etudiant.note.NoteApplication        : No active profile set, falling back to 1 default profile: "default"
2026-07-09T13:14:14.984+03:00  INFO 118972 --- [note] [  restartedMain] o.s.c.c.c.ConfigServerConfigDataLoader   : Fetching config from server at : http://localhost:8888
2026-07-09T13:14:14.985+03:00  INFO 118972 --- [note] [  restartedMain] o.s.c.c.c.ConfigServerConfigDataLoader   : Located environment: name=note, profiles=[default], label=null, version=0d0c8cb347a469d0538685862b93de37c3e13309, state=
2026-07-09T13:14:14.987+03:00  INFO 118972 --- [note] [  restartedMain] .e.DevToolsPropertyDefaultsPostProcessor : Devtools property defaults active! Set 'spring.devtools.add-properties' to 'false' to disable
2026-07-09T13:14:14.987+03:00  INFO 118972 --- [note] [  restartedMain] .e.DevToolsPropertyDefaultsPostProcessor : For additional web related logging consider setting the 'logging.level.web' property to 'DEBUG'
2026-07-09T13:14:16.936+03:00  INFO 118972 --- [note] [  restartedMain] .s.d.r.c.RepositoryConfigurationDelegate : Bootstrapping Spring Data JPA repositories in DEFAULT mode.
2026-07-09T13:14:17.184+03:00  INFO 118972 --- [note] [  restartedMain] .s.d.r.c.RepositoryConfigurationDelegate : Finished Spring Data repository scanning in 232 ms. Found 1 JPA repository interface.
2026-07-09T13:14:17.587+03:00  INFO 118972 --- [note] [  restartedMain] o.s.cloud.context.scope.GenericScope     : BeanFactory id=297dfd7f-3d75-366a-9eaf-6977ac9a4d98
2026-07-09T13:14:18.432+03:00  INFO 118972 --- [note] [  restartedMain] o.s.b.w.embedded.tomcat.TomcatWebServer  : Tomcat initialized with port 8096 (http)
2026-07-09T13:14:18.456+03:00  INFO 118972 --- [note] [  restartedMain] o.apache.catalina.core.StandardService   : Starting service [Tomcat]
2026-07-09T13:14:18.457+03:00  INFO 118972 --- [note] [  restartedMain] o.apache.catalina.core.StandardEngine    : Starting Servlet engine: [Apache Tomcat/10.1.54]
2026-07-09T13:14:18.511+03:00  INFO 118972 --- [note] [  restartedMain] o.a.c.c.C.[Tomcat].[localhost].[/]       : Initializing Spring embedded WebApplicationContext
2026-07-09T13:14:18.513+03:00  INFO 118972 --- [note] [  restartedMain] w.s.c.ServletWebServerApplicationContext : Root WebApplicationContext: initialization completed in 3524 ms
2026-07-09T13:14:19.576+03:00  INFO 118972 --- [note] [  restartedMain] o.s.o.j.p.SpringPersistenceUnitInfo      : No LoadTimeWeaver setup: ignoring JPA class transformer
2026-07-09T13:14:19.615+03:00  INFO 118972 --- [note] [  restartedMain] com.zaxxer.hikari.HikariDataSource       : HikariPool-1 - Starting...
2026-07-09T13:14:20.128+03:00  INFO 118972 --- [note] [  restartedMain] com.zaxxer.hikari.pool.HikariPool        : HikariPool-1 - Added connection com.mysql.cj.jdbc.ConnectionImpl@21f42d2a
2026-07-09T13:14:20.131+03:00  INFO 118972 --- [note] [  restartedMain] com.zaxxer.hikari.HikariDataSource       : HikariPool-1 - Start completed.
Hibernate: create table notes (id bigint not null auto_increment, annees_univ_id bigint, domaine_id bigint, enseignant_id bigint, etudiant_id bigint, filiere_id bigint, matiere_id bigint, mention varchar(255), niveau_id bigint, semestre_id bigint, user_id bigint, valeur float(53) not null, primary key (id)) engine=InnoDB
2026-07-09T13:14:21.927+03:00  INFO 118972 --- [note] [  restartedMain] j.LocalContainerEntityManagerFactoryBean : Initialized JPA EntityManagerFactory for persistence unit 'default'
2026-07-09T13:14:22.556+03:00  INFO 118972 --- [note] [  restartedMain] o.s.d.j.r.query.QueryEnhancerFactory     : Hibernate is in classpath; If applicable, HQL parser will be used.
2026-07-09T13:14:23.427+03:00  WARN 118972 --- [note] [  restartedMain] JpaBaseConfiguration$JpaWebConfiguration : spring.jpa.open-in-view is enabled by default. Therefore, database queries may be performed during view rendering. Explicitly configure spring.jpa.open-in-view to disable this warning
2026-07-09T13:14:23.476+03:00  INFO 118972 --- [note] [  restartedMain] o.s.b.d.a.OptionalLiveReloadServer       : LiveReload server is running on port 35729
2026-07-09T13:14:23.540+03:00  INFO 118972 --- [note] [  restartedMain] o.s.c.openfeign.FeignClientFactoryBean   : For 'ETUDIANT' URL not provided. Will try picking an instance via load-balancing.
2026-07-09T13:14:23.632+03:00  INFO 118972 --- [note] [  restartedMain] o.s.c.openfeign.FeignClientFactoryBean   : For 'MATIERE' URL not provided. Will try picking an instance via load-balancing.
2026-07-09T13:14:23.669+03:00  INFO 118972 --- [note] [  restartedMain] o.s.c.openfeign.FeignClientFactoryBean   : For 'NOTIFICATION' URL not provided. Will try picking an instance via load-balancing.
2026-07-09T13:14:23.708+03:00  INFO 118972 --- [note] [  restartedMain] o.s.c.openfeign.FeignClientFactoryBean   : For 'UTILISATEUR' URL not provided. Will try picking an instance via load-balancing.
2026-07-09T13:14:23.739+03:00  INFO 118972 --- [note] [  restartedMain] o.s.c.openfeign.FeignClientFactoryBean   : For 'FILIERES' URL not provided. Will try picking an instance via load-balancing.
2026-07-09T13:14:23.763+03:00  INFO 118972 --- [note] [  restartedMain] o.s.c.openfeign.FeignClientFactoryBean   : For 'NIVEAU' URL not provided. Will try picking an instance via load-balancing.
2026-07-09T13:14:23.787+03:00  INFO 118972 --- [note] [  restartedMain] o.s.c.openfeign.FeignClientFactoryBean   : For 'DOMAINE' URL not provided. Will try picking an instance via load-balancing.
2026-07-09T13:14:23.814+03:00  INFO 118972 --- [note] [  restartedMain] o.s.c.openfeign.FeignClientFactoryBean   : For 'ENSEIGNANT' URL not provided. Will try picking an instance via load-balancing.
2026-07-09T13:14:23.850+03:00  INFO 118972 --- [note] [  restartedMain] o.s.c.openfeign.FeignClientFactoryBean   : For 'SEMESTRE' URL not provided. Will try picking an instance via load-balancing.
2026-07-09T13:14:23.885+03:00  INFO 118972 --- [note] [  restartedMain] o.s.c.openfeign.FeignClientFactoryBean   : For 'UNIVERSITAIRE' URL not provided. Will try picking an instance via load-balancing.
2026-07-09T13:14:24.354+03:00  WARN 118972 --- [note] [  restartedMain] ion$DefaultTemplateResolverConfiguration : Cannot find template location: classpath:/templates/ (please add some templates, check your Thymeleaf configuration, or set spring.thymeleaf.check-template-location=false)
2026-07-09T13:14:25.081+03:00  WARN 118972 --- [note] [  restartedMain] .s.s.UserDetailsServiceAutoConfiguration : 

Using generated security password: a9b9d8ce-d05d-4fd4-b964-10516b894d5e

This generated password is for development use only. Your security configuration must be updated before running your application in production.

2026-07-09T13:14:25.097+03:00  INFO 118972 --- [note] [  restartedMain] r$InitializeUserDetailsManagerConfigurer : Global AuthenticationManager configured with UserDetailsService bean with name inMemoryUserDetailsManager
2026-07-09T13:14:25.327+03:00  INFO 118972 --- [note] [  restartedMain] o.s.b.a.e.web.EndpointLinksResolver      : Exposing 1 endpoint beneath base path '/actuator'
2026-07-09T13:14:25.582+03:00  INFO 118972 --- [note] [  restartedMain] DiscoveryClientOptionalArgsConfiguration : Eureka HTTP Client uses RestTemplate.
2026-07-09T13:14:25.662+03:00  WARN 118972 --- [note] [  restartedMain] iguration$LoadBalancerCaffeineWarnLogger : Spring Cloud LoadBalancer is currently working with the default cache. While this cache implementation is useful for development and tests, it's recommended to use Caffeine cache in production.You can switch to using Caffeine cache, by adding it and org.springframework.cache.caffeine.CaffeineCacheManager to the classpath.
2026-07-09T13:14:25.812+03:00  INFO 118972 --- [note] [  restartedMain] o.s.c.n.eureka.InstanceInfoFactory       : Setting initial instance status as: STARTING
2026-07-09T13:14:25.870+03:00  INFO 118972 --- [note] [  restartedMain] com.netflix.discovery.DiscoveryClient    : Initializing Eureka in region us-east-1
2026-07-09T13:14:25.877+03:00  INFO 118972 --- [note] [  restartedMain] c.n.d.s.r.aws.ConfigClusterResolver      : Resolving eureka endpoints via configuration
2026-07-09T13:14:25.890+03:00  INFO 118972 --- [note] [  restartedMain] com.netflix.discovery.DiscoveryClient    : Disable delta property : false
2026-07-09T13:14:25.891+03:00  INFO 118972 --- [note] [  restartedMain] com.netflix.discovery.DiscoveryClient    : Single vip registry refresh property : null
2026-07-09T13:14:25.891+03:00  INFO 118972 --- [note] [  restartedMain] com.netflix.discovery.DiscoveryClient    : Force full registry fetch : false
2026-07-09T13:14:25.891+03:00  INFO 118972 --- [note] [  restartedMain] com.netflix.discovery.DiscoveryClient    : Application is null : false
2026-07-09T13:14:25.892+03:00  INFO 118972 --- [note] [  restartedMain] com.netflix.discovery.DiscoveryClient    : Registered Applications size is zero : true
2026-07-09T13:14:25.892+03:00  INFO 118972 --- [note] [  restartedMain] com.netflix.discovery.DiscoveryClient    : Application version is -1: true
2026-07-09T13:14:25.893+03:00  INFO 118972 --- [note] [  restartedMain] com.netflix.discovery.DiscoveryClient    : Getting all instance registry info from the eureka server
2026-07-09T13:14:26.460+03:00  INFO 118972 --- [note] [  restartedMain] com.netflix.discovery.DiscoveryClient    : The response status is 200
2026-07-09T13:14:26.463+03:00  INFO 118972 --- [note] [  restartedMain] com.netflix.discovery.DiscoveryClient    : Starting heartbeat executor: renew interval is: 30
2026-07-09T13:14:26.466+03:00  INFO 118972 --- [note] [  restartedMain] c.n.discovery.InstanceInfoReplicator     : InstanceInfoReplicator onDemand update allowed rate per min is 4
2026-07-09T13:14:26.469+03:00  INFO 118972 --- [note] [  restartedMain] com.netflix.discovery.DiscoveryClient    : Discovery Client initialized at timestamp 1783592066469 with initial instances count: 1
2026-07-09T13:14:26.475+03:00  INFO 118972 --- [note] [  restartedMain] o.s.c.n.e.s.EurekaServiceRegistry        : Registering application NOTE with eureka with status UP
2026-07-09T13:14:26.476+03:00  INFO 118972 --- [note] [  restartedMain] com.netflix.discovery.DiscoveryClient    : Saw local status change event StatusChangeEvent [timestamp=1783592066476, current=UP, previous=STARTING]
2026-07-09T13:14:26.478+03:00  INFO 118972 --- [note] [foReplicator-%d] com.netflix.discovery.DiscoveryClient    : DiscoveryClient_NOTE/WORKSTATION-ZBOOK:note:8096: registering service...
2026-07-09T13:14:26.503+03:00  INFO 118972 --- [note] [  restartedMain] o.s.b.w.embedded.tomcat.TomcatWebServer  : Tomcat started on port 8096 (http) with context path '/'
2026-07-09T13:14:26.505+03:00  INFO 118972 --- [note] [  restartedMain] .s.c.n.e.s.EurekaAutoServiceRegistration : Updating port to 8096
2026-07-09T13:14:26.565+03:00  INFO 118972 --- [note] [foReplicator-%d] com.netflix.discovery.DiscoveryClient    : DiscoveryClient_NOTE/WORKSTATION-ZBOOK:note:8096 - registration status: 204
2026-07-09T13:14:26.574+03:00  INFO 118972 --- [note] [  restartedMain] com.etudiant.note.NoteApplication        : Started NoteApplication in 14.817 seconds (process running for 15.869)
