
  .   ____          _            __ _ _
 /\\ / ___'_ __ _ _(_)_ __  __ _ \ \ \ \
( ( )\___ | '_ | '_| | '_ \/ _` | \ \ \ \
 \\/  ___)| |_)| | | | | || (_| |  ) ) ) )
  '  |____| .__|_| |_|_| |_\__, | / / / /
 =========|_|==============|___/=/_/_/_/

 :: Spring Boot ::               (v3.5.14)

2026-07-09T12:33:26.684+03:00  INFO 91998 --- [discovery_service] [           main] c.d.DiscoveryServiceApplication          : Starting DiscoveryServiceApplication using Java 21.0.11 with PID 91998 (/home/tahiry/Projects/React/siteEtec/backend/discovery_service/target/classes started by tahiry in /home/tahiry/Projects/React/siteEtec/backend/discovery_service)
2026-07-09T12:33:26.687+03:00  INFO 91998 --- [discovery_service] [           main] c.d.DiscoveryServiceApplication          : No active profile set, falling back to 1 default profile: "default"
2026-07-09T12:33:26.740+03:00  INFO 91998 --- [discovery_service] [           main] o.s.c.c.c.ConfigServerConfigDataLoader   : Fetching config from server at : http://localhost:8888
2026-07-09T12:33:26.741+03:00  INFO 91998 --- [discovery_service] [           main] o.s.c.c.c.ConfigServerConfigDataLoader   : Located environment: name=discovery_service, profiles=[default], label=null, version=0d0c8cb347a469d0538685862b93de37c3e13309, state=
2026-07-09T12:33:28.021+03:00  INFO 91998 --- [discovery_service] [           main] o.s.cloud.context.scope.GenericScope     : BeanFactory id=8d1226b8-7a00-387b-9fe8-9ce207120d01
2026-07-09T12:33:28.514+03:00  INFO 91998 --- [discovery_service] [           main] o.s.b.w.embedded.tomcat.TomcatWebServer  : Tomcat initialized with port 8761 (http)
2026-07-09T12:33:28.541+03:00  INFO 91998 --- [discovery_service] [           main] o.apache.catalina.core.StandardService   : Starting service [Tomcat]
2026-07-09T12:33:28.542+03:00  INFO 91998 --- [discovery_service] [           main] o.apache.catalina.core.StandardEngine    : Starting Servlet engine: [Apache Tomcat/10.1.54]
2026-07-09T12:33:28.635+03:00  INFO 91998 --- [discovery_service] [           main] o.a.c.c.C.[Tomcat].[localhost].[/]       : Initializing Spring embedded WebApplicationContext
2026-07-09T12:33:28.637+03:00  INFO 91998 --- [discovery_service] [           main] w.s.c.ServletWebServerApplicationContext : Root WebApplicationContext: initialization completed in 1893 ms
2026-07-09T12:33:30.079+03:00  INFO 91998 --- [discovery_service] [           main] c.n.d.provider.DiscoveryJerseyProvider   : Using JSON encoding codec LegacyJacksonJson
2026-07-09T12:33:30.081+03:00  INFO 91998 --- [discovery_service] [           main] c.n.d.provider.DiscoveryJerseyProvider   : Using JSON decoding codec LegacyJacksonJson
2026-07-09T12:33:30.377+03:00  INFO 91998 --- [discovery_service] [           main] c.n.d.provider.DiscoveryJerseyProvider   : Using XML encoding codec XStreamXml
2026-07-09T12:33:30.377+03:00  INFO 91998 --- [discovery_service] [           main] c.n.d.provider.DiscoveryJerseyProvider   : Using XML decoding codec XStreamXml
2026-07-09T12:33:30.686+03:00  INFO 91998 --- [discovery_service] [           main] o.s.v.b.OptionalValidatorFactoryBean     : Failed to set up a Bean Validation provider: jakarta.validation.NoProviderFoundException: Unable to create a Configuration, because no Jakarta Bean Validation provider could be found. Add a provider like Hibernate Validator (RI) to your classpath.
2026-07-09T12:33:31.742+03:00  WARN 91998 --- [discovery_service] [           main] iguration$LoadBalancerCaffeineWarnLogger : Spring Cloud LoadBalancer is currently working with the default cache. While this cache implementation is useful for development and tests, it's recommended to use Caffeine cache in production.You can switch to using Caffeine cache, by adding it and org.springframework.cache.caffeine.CaffeineCacheManager to the classpath.
2026-07-09T12:33:31.770+03:00  INFO 91998 --- [discovery_service] [           main] o.s.c.n.eureka.InstanceInfoFactory       : Setting initial instance status as: STARTING
2026-07-09T12:33:31.795+03:00  INFO 91998 --- [discovery_service] [           main] com.netflix.discovery.DiscoveryClient    : Initializing Eureka in region us-east-1
2026-07-09T12:33:31.795+03:00  INFO 91998 --- [discovery_service] [           main] com.netflix.discovery.DiscoveryClient    : Client configured to neither register nor query for data.
2026-07-09T12:33:31.797+03:00  INFO 91998 --- [discovery_service] [           main] com.netflix.discovery.DiscoveryClient    : Discovery Client initialized at timestamp 1783589611797 with initial instances count: 0
2026-07-09T12:33:31.847+03:00  INFO 91998 --- [discovery_service] [           main] c.n.eureka.DefaultEurekaServerContext    : Initializing ...
2026-07-09T12:33:31.849+03:00  INFO 91998 --- [discovery_service] [           main] c.n.eureka.cluster.PeerEurekaNodes       : Adding new peer nodes [http://localhost:8761/eureka/]
2026-07-09T12:33:31.976+03:00  INFO 91998 --- [discovery_service] [           main] c.n.d.provider.DiscoveryJerseyProvider   : Using JSON encoding codec LegacyJacksonJson
2026-07-09T12:33:31.977+03:00  INFO 91998 --- [discovery_service] [           main] c.n.d.provider.DiscoveryJerseyProvider   : Using JSON decoding codec LegacyJacksonJson
2026-07-09T12:33:31.977+03:00  INFO 91998 --- [discovery_service] [           main] c.n.d.provider.DiscoveryJerseyProvider   : Using XML encoding codec XStreamXml
2026-07-09T12:33:31.977+03:00  INFO 91998 --- [discovery_service] [           main] c.n.d.provider.DiscoveryJerseyProvider   : Using XML decoding codec XStreamXml
2026-07-09T12:33:32.023+03:00  INFO 91998 --- [discovery_service] [           main] c.n.eureka.cluster.PeerEurekaNodes       : Replica node URL:  http://localhost:8761/eureka/
2026-07-09T12:33:32.033+03:00  INFO 91998 --- [discovery_service] [           main] c.n.e.registry.AbstractInstanceRegistry  : Finished initializing remote region registries. All known remote regions: []
2026-07-09T12:33:32.033+03:00  INFO 91998 --- [discovery_service] [           main] c.n.eureka.DefaultEurekaServerContext    : Initialized
2026-07-09T12:33:32.048+03:00  INFO 91998 --- [discovery_service] [           main] o.s.b.a.e.web.EndpointLinksResolver      : Exposing 1 endpoint beneath base path '/actuator'
2026-07-09T12:33:32.112+03:00  INFO 91998 --- [discovery_service] [           main] o.s.c.n.e.s.EurekaServiceRegistry        : Registering application DISCOVERY_SERVICE with eureka with status UP
2026-07-09T12:33:32.125+03:00  INFO 91998 --- [discovery_service] [       Thread-9] o.s.c.n.e.server.EurekaServerBootstrap   : isAws returned false
2026-07-09T12:33:32.126+03:00  INFO 91998 --- [discovery_service] [       Thread-9] o.s.c.n.e.server.EurekaServerBootstrap   : Initialized server context
2026-07-09T12:33:32.126+03:00  INFO 91998 --- [discovery_service] [       Thread-9] c.n.e.r.PeerAwareInstanceRegistryImpl    : Got 1 instances from neighboring DS node
2026-07-09T12:33:32.126+03:00  INFO 91998 --- [discovery_service] [       Thread-9] c.n.e.r.PeerAwareInstanceRegistryImpl    : Renew threshold is: 1
2026-07-09T12:33:32.126+03:00  INFO 91998 --- [discovery_service] [       Thread-9] c.n.e.r.PeerAwareInstanceRegistryImpl    : Changing status to UP
2026-07-09T12:33:32.130+03:00  INFO 91998 --- [discovery_service] [       Thread-9] e.s.EurekaServerInitializerConfiguration : Started Eureka Server
2026-07-09T12:33:32.132+03:00  INFO 91998 --- [discovery_service] [           main] o.s.b.w.embedded.tomcat.TomcatWebServer  : Tomcat started on port 8761 (http) with context path '/'
2026-07-09T12:33:32.133+03:00  INFO 91998 --- [discovery_service] [           main] .s.c.n.e.s.EurekaAutoServiceRegistration : Updating port to 8761
2026-07-09T12:33:32.167+03:00  INFO 91998 --- [discovery_service] [           main] c.d.DiscoveryServiceApplication          : Started DiscoveryServiceApplication in 9.055 seconds (process running for 9.861)
2026-07-09T12:33:33.362+03:00  INFO 91998 --- [discovery_service] [nio-8761-exec-1] o.a.c.c.C.[Tomcat].[localhost].[/]       : Initializing Spring DispatcherServlet 'dispatcherServlet'
2026-07-09T12:33:33.363+03:00  INFO 91998 --- [discovery_service] [nio-8761-exec-1] o.s.web.servlet.DispatcherServlet        : Initializing Servlet 'dispatcherServlet'
2026-07-09T12:33:33.366+03:00  INFO 91998 --- [discovery_service] [nio-8761-exec-1] o.s.web.servlet.DispatcherServlet        : Completed initialization in 3 ms
2026-07-09T12:33:48.244+03:00  INFO 91998 --- [discovery_service] [nio-8761-exec-3] c.n.e.registry.AbstractInstanceRegistry  : Registered instance API_GATEWAY/WORKSTATION-ZBOOK:api_gateway:8090 with status UP (replication=false)
2026-07-09T12:33:49.231+03:00  INFO 91998 --- [discovery_service] [nio-8761-exec-4] c.n.e.registry.AbstractInstanceRegistry  : Registered instance API_GATEWAY/WORKSTATION-ZBOOK:api_gateway:8090 with status UP (replication=true)
2026-07-09T12:34:32.127+03:00  INFO 91998 --- [discovery_service] [a-EvictionTimer] c.n.e.registry.AbstractInstanceRegistry  : Running the evict task with compensationTime 0ms
2026-07-09T12:35:32.127+03:00  INFO 91998 --- [discovery_service] [a-EvictionTimer] c.n.e.registry.AbstractInstanceRegistry  : Running the evict task with compensationTime 0ms
2026-07-09T12:36:32.128+03:00  INFO 91998 --- [discovery_service] [a-EvictionTimer] c.n.e.registry.AbstractInstanceRegistry  : Running the evict task with compensationTime 0ms
2026-07-09T12:37:32.129+03:00  INFO 91998 --- [discovery_service] [a-EvictionTimer] c.n.e.registry.AbstractInstanceRegistry  : Running the evict task with compensationTime 0ms
2026-07-09T12:38:32.129+03:00  INFO 91998 --- [discovery_service] [a-EvictionTimer] c.n.e.registry.AbstractInstanceRegistry  : Running the evict task with compensationTime 0ms
2026-07-09T12:39:32.129+03:00  INFO 91998 --- [discovery_service] [a-EvictionTimer] c.n.e.registry.AbstractInstanceRegistry  : Running the evict task with compensationTime 0ms
2026-07-09T12:40:32.129+03:00  INFO 91998 --- [discovery_service] [a-EvictionTimer] c.n.e.registry.AbstractInstanceRegistry  : Running the evict task with compensationTime 0ms
2026-07-09T12:41:32.129+03:00  INFO 91998 --- [discovery_service] [a-EvictionTimer] c.n.e.registry.AbstractInstanceRegistry  : Running the evict task with compensationTime 0ms
2026-07-09T12:42:32.129+03:00  INFO 91998 --- [discovery_service] [a-EvictionTimer] c.n.e.registry.AbstractInstanceRegistry  : Running the evict task with compensationTime 0ms
2026-07-09T12:43:32.129+03:00  INFO 91998 --- [discovery_service] [a-EvictionTimer] c.n.e.registry.AbstractInstanceRegistry  : Running the evict task with compensationTime 0ms
2026-07-09T12:44:32.129+03:00  INFO 91998 --- [discovery_service] [a-EvictionTimer] c.n.e.registry.AbstractInstanceRegistry  : Running the evict task with compensationTime 0ms
2026-07-09T12:45:32.129+03:00  INFO 91998 --- [discovery_service] [a-EvictionTimer] c.n.e.registry.AbstractInstanceRegistry  : Running the evict task with compensationTime 0ms
2026-07-09T12:46:32.130+03:00  INFO 91998 --- [discovery_service] [a-EvictionTimer] c.n.e.registry.AbstractInstanceRegistry  : Running the evict task with compensationTime 0ms
2026-07-09T12:47:32.130+03:00  INFO 91998 --- [discovery_service] [a-EvictionTimer] c.n.e.registry.AbstractInstanceRegistry  : Running the evict task with compensationTime 0ms
2026-07-09T12:48:32.035+03:00  INFO 91998 --- [discovery_service] [hresholdUpdater] c.n.e.r.PeerAwareInstanceRegistryImpl    : Current renewal threshold is : 3
2026-07-09T12:48:32.130+03:00  INFO 91998 --- [discovery_service] [a-EvictionTimer] c.n.e.registry.AbstractInstanceRegistry  : Running the evict task with compensationTime 0ms
2026-07-09T12:49:32.130+03:00  INFO 91998 --- [discovery_service] [a-EvictionTimer] c.n.e.registry.AbstractInstanceRegistry  : Running the evict task with compensationTime 0ms
2026-07-09T12:50:32.131+03:00  INFO 91998 --- [discovery_service] [a-EvictionTimer] c.n.e.registry.AbstractInstanceRegistry  : Running the evict task with compensationTime 0ms
2026-07-09T12:51:32.130+03:00  INFO 91998 --- [discovery_service] [a-EvictionTimer] c.n.e.registry.AbstractInstanceRegistry  : Running the evict task with compensationTime 0ms
2026-07-09T12:52:32.130+03:00  INFO 91998 --- [discovery_service] [a-EvictionTimer] c.n.e.registry.AbstractInstanceRegistry  : Running the evict task with compensationTime 0ms
2026-07-09T12:53:32.130+03:00  INFO 91998 --- [discovery_service] [a-EvictionTimer] c.n.e.registry.AbstractInstanceRegistry  : Running the evict task with compensationTime 0ms
2026-07-09T12:54:32.130+03:00  INFO 91998 --- [discovery_service] [a-EvictionTimer] c.n.e.registry.AbstractInstanceRegistry  : Running the evict task with compensationTime 0ms
2026-07-09T12:55:32.130+03:00  INFO 91998 --- [discovery_service] [a-EvictionTimer] c.n.e.registry.AbstractInstanceRegistry  : Running the evict task with compensationTime 0ms
2026-07-09T12:56:32.130+03:00  INFO 91998 --- [discovery_service] [a-EvictionTimer] c.n.e.registry.AbstractInstanceRegistry  : Running the evict task with compensationTime 0ms
2026-07-09T12:57:32.130+03:00  INFO 91998 --- [discovery_service] [a-EvictionTimer] c.n.e.registry.AbstractInstanceRegistry  : Running the evict task with compensationTime 0ms
2026-07-09T12:58:32.131+03:00  INFO 91998 --- [discovery_service] [a-EvictionTimer] c.n.e.registry.AbstractInstanceRegistry  : Running the evict task with compensationTime 0ms
2026-07-09T12:59:32.132+03:00  INFO 91998 --- [discovery_service] [a-EvictionTimer] c.n.e.registry.AbstractInstanceRegistry  : Running the evict task with compensationTime 0ms
2026-07-09T13:00:32.132+03:00  INFO 91998 --- [discovery_service] [a-EvictionTimer] c.n.e.registry.AbstractInstanceRegistry  : Running the evict task with compensationTime 0ms
2026-07-09T13:01:32.132+03:00  INFO 91998 --- [discovery_service] [a-EvictionTimer] c.n.e.registry.AbstractInstanceRegistry  : Running the evict task with compensationTime 0ms
2026-07-09T13:01:34.829+03:00  INFO 91998 --- [discovery_service] [ionShutdownHook] o.s.c.n.e.s.EurekaServiceRegistry        : Unregistering application DISCOVERY_SERVICE with eureka with status DOWN
2026-07-09T13:01:34.849+03:00  INFO 91998 --- [discovery_service] [nio-8761-exec-4] c.n.e.registry.AbstractInstanceRegistry  : Registered instance API_GATEWAY/WORKSTATION-ZBOOK:api_gateway:8090 with status DOWN (replication=false)
2026-07-09T13:01:34.863+03:00  INFO 91998 --- [discovery_service] [ionShutdownHook] o.s.b.w.e.tomcat.GracefulShutdown        : Commencing graceful shutdown. Waiting for active requests to complete
2026-07-09T13:01:34.871+03:00  INFO 91998 --- [discovery_service] [tomcat-shutdown] o.s.b.w.e.tomcat.GracefulShutdown        : Graceful shutdown complete
2026-07-09T13:01:34.876+03:00  INFO 91998 --- [discovery_service] [ionShutdownHook] o.s.c.n.e.server.EurekaServerBootstrap   : Shutting down Eureka Server..
2026-07-09T13:01:34.876+03:00  INFO 91998 --- [discovery_service] [ionShutdownHook] c.n.eureka.DefaultEurekaServerContext    : Shutting down ...
2026-07-09T13:01:34.892+03:00  INFO 91998 --- [discovery_service] [ionShutdownHook] c.n.eureka.DefaultEurekaServerContext    : Shut down
2026-07-09T13:01:34.893+03:00  INFO 91998 --- [discovery_service] [ionShutdownHook] o.s.c.n.e.server.EurekaServerBootstrap   : Eureka Service is now shutdown...
2026-07-09T13:01:34.878+03:00 ERROR 91998 --- [discovery_service] [t-Conn-Cleaner2] c.n.d.s.t.j.EurekaJersey3ClientImpl      : Cannot clean connections

java.lang.IllegalStateException: Client instance has been closed.
	at org.glassfish.jersey.internal.guava.Preconditions.checkState(Preconditions.java:169) ~[jersey-common-3.1.11.jar:na]
	at org.glassfish.jersey.client.JerseyClient.checkNotClosed(JerseyClient.java:248) ~[jersey-client-3.1.11.jar:na]
	at org.glassfish.jersey.client.JerseyClient.getConfiguration(JerseyClient.java:363) ~[jersey-client-3.1.11.jar:na]
	at org.glassfish.jersey.client.JerseyClient.getConfiguration(JerseyClient.java:54) ~[jersey-client-3.1.11.jar:na]
	at com.netflix.discovery.shared.transport.jersey3.EurekaJersey3ClientImpl$ConnectionCleanerTask.run(EurekaJersey3ClientImpl.java:338) ~[eureka-client-jersey3-2.0.4.jar:2.0.4]
	at java.base/java.util.concurrent.Executors$RunnableAdapter.call(Executors.java:572) ~[na:na]
	at java.base/java.util.concurrent.FutureTask.run(FutureTask.java:317) ~[na:na]
	at java.base/java.util.concurrent.ScheduledThreadPoolExecutor$ScheduledFutureTask.run(ScheduledThreadPoolExecutor.java:304) ~[na:na]
	at java.base/java.util.concurrent.ThreadPoolExecutor.runWorker(ThreadPoolExecutor.java:1144) ~[na:na]
	at java.base/java.util.concurrent.ThreadPoolExecutor$Worker.run(ThreadPoolExecutor.java:642) ~[na:na]
	at java.base/java.lang.Thread.run(Thread.java:1583) ~[na:na]

2026-07-09T13:01:34.898+03:00  INFO 91998 --- [discovery_service] [ionShutdownHook] c.n.eureka.DefaultEurekaServerContext    : Shutting down ...
2026-07-09T13:01:34.898+03:00  INFO 91998 --- [discovery_service] [ionShutdownHook] c.n.eureka.DefaultEurekaServerContext    : Shut down
2026-07-09T13:01:34.914+03:00  INFO 91998 --- [discovery_service] [ionShutdownHook] com.netflix.discovery.DiscoveryClient    : Shutting down DiscoveryClient ...
2026-07-09T13:01:34.915+03:00  INFO 91998 --- [discovery_service] [ionShutdownHook] com.netflix.discovery.DiscoveryClient    : Completed shut down of DiscoveryClient
